<?xml version="1.0" encoding="UTF-8"?>
<!-- Generated by org.testng.reporters.JUnitReportReporter -->
<testsuite hostname="MuhammadJaziem" failures="0" tests="1" name="testNG_Project.Car_loan" time="0.003" errors="0" timestamp="2022-08-27T10:41:00 MYT" skipped="0">
  <testcase classname="testNG_Project.Car_loan" name="car_loan" time="0.003"/>
  <system-out/>
</testsuite> <!-- testNG_Project.Car_loan -->
