<?xml version="1.0" encoding="UTF-8"?>
<!-- Generated by org.testng.reporters.JUnitReportReporter -->
<testsuite hostname="MuhammadJaziem" failures="0" tests="1" name="testNG_Project.titleTest" time="7.259" errors="0" timestamp="2022-08-27T10:12:11 MYT" skipped="0">
  <testcase classname="testNG_Project.titleTest" name="titleTestNew" time="7.259"/>
  <system-out/>
</testsuite> <!-- testNG_Project.titleTest -->
