<?xml version="1.0" encoding="UTF-8"?>
<!-- Generated by org.testng.reporters.JUnitReportReporter -->
<testsuite hostname="MuhammadJaziem" failures="0" tests="3" name="testNG_Project.skippingTest" time="0.009" errors="0" timestamp="2022-08-27T09:43:31 MYT" skipped="2">
  <testcase classname="testNG_Project.skippingTest" name="skipTest3" time="0.001"/>
  <system-out/>
  <testcase classname="testNG_Project.skippingTest" name="skipTest2" time="0.008">
    <skipped/>
  </testcase> <!-- skipTest2 -->
  <system-out/>
  <testcase classname="testNG_Project.skippingTest" name="skipTest1">
    <skipped/>
  </testcase> <!-- skipTest1 -->
  <system-out/>
</testsuite> <!-- testNG_Project.skippingTest -->
