<?xml version="1.0" encoding="UTF-8"?>
<!-- Generated by org.testng.reporters.JUnitReportReporter -->
<testsuite hostname="MuhammadJaziem" failures="0" tests="4" name="testNG_Project.DataProviderDemoTest" time="17.159" errors="0" timestamp="2022-08-27T12:02:05 MYT" skipped="0">
  <testcase classname="testNG_Project.DataProviderDemoTest" name="test1" time="1.248"/>
  <system-out/>
  <testcase classname="testNG_Project.DataProviderDemoTest" name="test1" time="5.458"/>
  <system-out/>
  <testcase classname="testNG_Project.DataProviderDemoTest" name="test1" time="3.830"/>
  <system-out/>
  <testcase classname="testNG_Project.DataProviderDemoTest" name="test1" time="6.623"/>
  <system-out/>
</testsuite> <!-- testNG_Project.DataProviderDemoTest -->
