<?xml version="1.0" encoding="UTF-8"?>
<!-- Generated by org.testng.reporters.JUnitReportReporter -->
<testsuite hostname="MuhammadJaziem" failures="0" tests="4" name="testNG_Project.mainDataProviderClass" time="12.048" errors="0" timestamp="2022-08-29T08:55:54 MYT" skipped="0">
  <testcase classname="testNG_Project.mainDataProviderClass" name="test1" time="1.210"/>
  <system-out/>
  <testcase classname="testNG_Project.mainDataProviderClass" name="test1" time="1.430"/>
  <system-out/>
  <testcase classname="testNG_Project.mainDataProviderClass" name="test1" time="3.005"/>
  <system-out/>
  <testcase classname="testNG_Project.mainDataProviderClass" name="test1" time="6.403"/>
  <system-out/>
</testsuite> <!-- testNG_Project.mainDataProviderClass -->
