<?xml version="1.0" encoding="UTF-8"?>
<!-- Generated by org.testng.reporters.JUnitReportReporter -->
<testsuite hostname="MuhammadJaziem" failures="0" tests="1" name="testNG_Project.Home_loan" time="0.001" errors="0" timestamp="2022-08-27T10:41:00 MYT" skipped="0">
  <testcase classname="testNG_Project.Home_loan" name="home_loan" time="0.001"/>
  <system-out/>
</testsuite> <!-- testNG_Project.Home_loan -->
