<?xml version="1.0" encoding="UTF-8"?>
<!-- Generated by org.testng.reporters.JUnitReportReporter -->
<testsuite hostname="MuhammadJaziem" failures="0" tests="2" name="testNG_Project.LoginTest" time="0.004" errors="0" timestamp="2022-08-27T10:12:11 MYT" skipped="0">
  <testcase classname="testNG_Project.LoginTest" name="alogoutTest" time="0.002"/>
  <system-out/>
  <testcase classname="testNG_Project.LoginTest" name="bloginTest" time="0.002"/>
  <system-out/>
</testsuite> <!-- testNG_Project.LoginTest -->
