<?xml version="1.0" encoding="UTF-8"?>
<!-- Generated by org.testng.reporters.JUnitReportReporter -->
<testsuite hostname="MuhammadJaziem" failures="0" tests="4" name="testNG_Project.GroupTestCases" time="0.013" errors="0" timestamp="2022-09-04T01:39:14 MYT" skipped="0">
  <testcase classname="testNG_Project.GroupTestCases" name="bTest3" time="0.008"/>
  <system-out/>
  <testcase classname="testNG_Project.GroupTestCases" name="bTest4" time="0.001"/>
  <system-out/>
  <testcase classname="testNG_Project.GroupTestCases" name="aTest1" time="0.001"/>
  <system-out/>
  <testcase classname="testNG_Project.GroupTestCases" name="bTest2" time="0.003"/>
  <system-out/>
</testsuite> <!-- testNG_Project.GroupTestCases -->
